2014-06-05 22:42:57,838 INFO  WZNTAPI.Service.SyncGruArtAufEinSprache - Started
2014-06-05 22:43:01,676 INFO  Business.GrundlagenController.SyncGruArtAufEinSprache - Started
2014-06-05 22:43:03,160 INFO  Business.GrundlagenController.SyncGruArtAufEinSprache - Reading GruArtAufEinzelnutzen data from SAGE...
2014-06-05 22:43:18,710 INFO  Business.GrundlagenController.SyncGruArtAufEinSprache - Total GruArtAufEinzelnutzens: 2
2014-06-05 22:43:19,506 INFO  Business.GrundlagenController.SyncGruArtAufEinSprache - Writting GruArtAufEinzelnutzen data into WZNT...
2014-06-05 22:44:36,040 INFO  WZNTAPI.Service.SyncGruArtAufEinSprache - Started
2014-06-05 22:44:37,378 INFO  Business.GrundlagenController.SyncGruArtAufEinSprache - Started
2014-06-05 22:44:38,139 INFO  Business.GrundlagenController.SyncGruArtAufEinSprache - Reading GruArtAufEinzelnutzen data from SAGE...
2014-06-05 22:44:39,170 INFO  Business.GrundlagenController.SyncGruArtAufEinSprache - Total GruArtAufEinzelnutzens: 2
2014-06-05 22:44:40,869 INFO  Business.GrundlagenController.SyncGruArtAufEinSprache - Writting GruArtAufEinzelnutzen data into WZNT...
2014-06-05 22:46:25,449 INFO  WZNTAPI.Service.SyncGruArtAufEinSprache - Started
2014-06-05 22:46:27,923 INFO  Business.GrundlagenController.SyncGruArtAufEinSprache - Started
2014-06-05 22:46:28,786 INFO  Business.GrundlagenController.SyncGruArtAufEinSprache - Reading GruArtAufEinzelnutzen data from SAGE...
2014-06-05 22:46:29,499 INFO  Business.GrundlagenController.SyncGruArtAufEinSprache - Total GruArtAufEinzelnutzens: 4
2014-06-05 22:46:31,790 INFO  Business.GrundlagenController.SyncGruArtAufEinSprache - Writting GruArtAufEinzelnutzen data into WZNT...
2014-06-05 22:46:34,802 INFO  Business.GrundlagenController.SyncGruArtAufEinSprache - Writting GruArtAufEinzelnutzens successfully ? True
2014-06-05 22:46:35,228 INFO  Business.GrundlagenController.SyncGruArtAufEinSprache - Ended
2014-06-05 22:46:36,459 INFO  WZNTAPI.Service.SyncGruArtAufEinSprache - Ended
2014-06-05 23:04:07,439 INFO  WZNTAPI.Service.SyncGruArtAufEinSprache - Started
2014-06-05 23:04:09,288 INFO  Business.GrundlagenController.SyncGruArtAufEinSprache - Started
2014-06-05 23:04:10,550 INFO  Business.GrundlagenController.SyncGruArtAufEinSprache - Reading GruArtAufEinzelnutzen data from SAGE...
2014-06-05 23:04:11,263 INFO  Business.GrundlagenController.SyncGruArtAufEinSprache - Total GruArtAufEinzelnutzens: 8
2014-06-05 23:04:11,702 INFO  Business.GrundlagenController.SyncGruArtAufEinSprache - Deleting GruArtAufEinzelnutzen data from WZNT...
2014-06-05 23:04:12,460 ERROR Data.DBWZNT.DeleteGruArtAufEinzelnutzen - The DELETE statement conflicted with the REFERENCE constraint "fk_GruArtAufEinSprache_GruArtAufEinzelnutzen". The conflict occurred in database "WZNT", table "dbo.GruArtAufEinSprache", column 'ID_Aufgabe'.
The statement has been terminated.
2014-06-05 23:04:35,631 ERROR Data.DBWZNT.DeleteGruArtAufEinzelnutzen - The DELETE statement conflicted with the REFERENCE constraint "fk_GruArtAufEinSprache_GruArtAufEinzelnutzen". The conflict occurred in database "WZNT", table "dbo.GruArtAufEinSprache", column 'ID_Aufgabe'.
The statement has been terminated.
2014-06-05 23:04:38,914 INFO  Business.GrundlagenController.SyncGruArtAufEinSprache - Deleting GruArtAufEinzelnutzens successfully ? False
2014-06-05 23:04:38,915 INFO  Business.GrundlagenController.SyncGruArtAufEinSprache - Writting GruArtAufEinzelnutzen data into WZNT...
2014-06-05 23:04:38,929 INFO  Business.GrundlagenController.SyncGruArtAufEinSprache - Writting GruArtAufEinzelnutzens successfully ? True
2014-06-05 23:04:38,930 INFO  Business.GrundlagenController.SyncGruArtAufEinSprache - Ended
2014-06-05 23:04:46,347 INFO  WZNTAPI.Service.SyncGruArtAufEinSprache - Ended
